0 info it worked if it ends with ok
1 verbose cli [ 'C:\\Program Files\\nodejs\\\\node.exe',
1 verbose cli   'C:\\Program Files\\nodejs\\node_modules\\npm\\bin\\npm-cli.js',
1 verbose cli   'install',
1 verbose cli   'gulp-imagemin',
1 verbose cli   '--save-dev' ]
2 info using npm@2.11.3
3 info using node@v0.12.7
4 verbose install initial load of C:\Users\fsoi\Documents\Projects\testifylaravel\package.json
5 warn package.json @ No repository field.
6 warn package.json @ No license field.
7 verbose installManyTop reading scoped package data from C:\Users\fsoi\Documents\Projects\testifylaravel\node_modules\bower\package.json
8 verbose installManyTop reading scoped package data from C:\Users\fsoi\Documents\Projects\testifylaravel\node_modules\browser-sync\package.json
9 verbose installManyTop reading scoped package data from C:\Users\fsoi\Documents\Projects\testifylaravel\node_modules\concat-with-sourcemaps\package.json
10 verbose installManyTop reading scoped package data from C:\Users\fsoi\Documents\Projects\testifylaravel\node_modules\gulp\package.json
11 verbose installManyTop reading scoped package data from C:\Users\fsoi\Documents\Projects\testifylaravel\node_modules\gulp-angular-templatecache\package.json
12 verbose installManyTop reading scoped package data from C:\Users\fsoi\Documents\Projects\testifylaravel\node_modules\gulp-bower-normalize\package.json
13 verbose installManyTop reading scoped package data from C:\Users\fsoi\Documents\Projects\testifylaravel\node_modules\gulp-concat\package.json
14 verbose installManyTop reading scoped package data from C:\Users\fsoi\Documents\Projects\testifylaravel\node_modules\gulp-html-replace\package.json
15 verbose installManyTop reading scoped package data from C:\Users\fsoi\Documents\Projects\testifylaravel\node_modules\gulp-jshint\package.json
16 verbose installManyTop reading scoped package data from C:\Users\fsoi\Documents\Projects\testifylaravel\node_modules\gulp-ng-annotate\package.json
17 verbose installManyTop reading scoped package data from C:\Users\fsoi\Documents\Projects\testifylaravel\node_modules\gulp-sass\package.json
18 verbose installManyTop reading scoped package data from C:\Users\fsoi\Documents\Projects\testifylaravel\node_modules\gulp-sourcemaps\package.json
19 verbose installManyTop reading scoped package data from C:\Users\fsoi\Documents\Projects\testifylaravel\node_modules\gulp-templatecache\package.json
20 verbose installManyTop reading scoped package data from C:\Users\fsoi\Documents\Projects\testifylaravel\node_modules\gulp-uglify\package.json
21 verbose installManyTop reading scoped package data from C:\Users\fsoi\Documents\Projects\testifylaravel\node_modules\gulp-util\package.json
22 verbose installManyTop reading scoped package data from C:\Users\fsoi\Documents\Projects\testifylaravel\node_modules\jshint\package.json
23 verbose installManyTop reading scoped package data from C:\Users\fsoi\Documents\Projects\testifylaravel\node_modules\main-bower-files\package.json
24 verbose readDependencies loading dependencies from C:\Users\fsoi\Documents\Projects\testifylaravel\package.json
25 silly cache add args [ 'gulp-imagemin', null ]
26 verbose cache add spec gulp-imagemin
27 silly cache add parsed spec { raw: 'gulp-imagemin',
27 silly cache add   scope: null,
27 silly cache add   name: 'gulp-imagemin',
27 silly cache add   rawSpec: '',
27 silly cache add   spec: '*',
27 silly cache add   type: 'range' }
28 silly addNamed gulp-imagemin@*
29 verbose addNamed "*" is a valid semver range for gulp-imagemin
30 silly addNameRange { name: 'gulp-imagemin', range: '*', hasData: false }
31 silly mapToRegistry name gulp-imagemin
32 silly mapToRegistry using default registry
33 silly mapToRegistry registry https://registry.npmjs.org/
34 silly mapToRegistry uri https://registry.npmjs.org/gulp-imagemin
35 verbose addNameRange registry:https://registry.npmjs.org/gulp-imagemin not in flight; fetching
36 verbose request uri https://registry.npmjs.org/gulp-imagemin
37 verbose request no auth needed
38 info attempt registry request try #1 at 8:25:17 AM
39 verbose request id de2d31c1ec4b5f7a
40 http request GET https://registry.npmjs.org/gulp-imagemin
41 info retry will retry, error on last attempt: Error: read ECONNRESET
42 info attempt registry request try #2 at 8:26:02 AM
43 http request GET https://registry.npmjs.org/gulp-imagemin
44 info retry will retry, error on last attempt: Error: read ECONNRESET
45 info attempt registry request try #3 at 8:28:26 AM
46 http request GET https://registry.npmjs.org/gulp-imagemin
47 verbose stack Error: read ECONNRESET
47 verbose stack     at exports._errnoException (util.js:746:11)
47 verbose stack     at TCP.onread (net.js:559:26)
48 verbose cwd C:\Users\fsoi\Documents\Projects\testifylaravel
49 error Windows_NT 6.3.9600
50 error argv "C:\\Program Files\\nodejs\\\\node.exe" "C:\\Program Files\\nodejs\\node_modules\\npm\\bin\\npm-cli.js" "install" "gulp-imagemin" "--save-dev"
51 error node v0.12.7
52 error npm  v2.11.3
53 error code ECONNRESET
54 error errno ECONNRESET
55 error syscall read
56 error network read ECONNRESET
56 error network This is most likely not a problem with npm itself
56 error network and is related to network connectivity.
56 error network In most cases you are behind a proxy or have bad network settings.
56 error network
56 error network If you are behind a proxy, please make sure that the
56 error network 'proxy' config is set properly.  See: 'npm help config'
57 verbose exit [ 1, true ]
